<?xml version="1.0" encoding="UTF-8" ?>
<testsuite tests="4" failures="0" name="finalprojectB.UrlValidatorTest" time="0.015" errors="0" skipped="0">
  <properties>
[...]
</properties>
  <testcase classname="finalprojectB.UrlValidatorTest" name="testManualTest" time="0.014"/>
  <testcase classname="finalprojectB.UrlValidatorTest" name="testYourSecondPartition" time="0"/>
  <testcase classname="finalprojectB.UrlValidatorTest" name="testYourFirstPartition" time="0.001"/>
  <testcase classname="finalprojectB.UrlValidatorTest" name="testIsValid" time="0"/>
</testsuite>