<?xml version="1.0" encoding="UTF-8" standalone="yes"?><!DOCTYPE report PUBLIC "-//JACOCO//DTD Report 1.0//EN" "report.dtd"><report name="URLValidatorInCorrect"><sessioninfo id="DESKTOP-DEGF4N1-97a1f5cb" start="1533706414164" dump="1533706414499"/><sessioninfo id="DESKTOP-DEGF4N1-bcfb213d" start="1533706570326" dump="1533706570663"/><sessioninfo id="DESKTOP-DEGF4N1-8151b5e0" start="1533706623997" dump="1533706624357"/><sessioninfo id="DESKTOP-DEGF4N1-dc23f3db" start="1533706718295" dump="1533706718647"/><sessioninfo id="DESKTOP-DEGF4N1-cff447a6" start="1533706889001" dump="1533706919307"/><sessioninfo id="DESKTOP-DEGF4N1-dc0aabe7" start="1533706982808" dump="1533706983122"/><sessioninfo id="DESKTOP-DEGF4N1-e173f113" start="1533707339407" dump="1533707339720"/><sessioninfo id="DESKTOP-DEGF4N1-46f2ff57" start="1533707445509" dump="1533707445838"/><sessioninfo id="DESKTOP-DEGF4N1-898cd802" start="1533707509317" dump="1533707509618"/><sessioninfo id="DESKTOP-DEGF4N1-9c29342f" start="1533707643481" dump="1533707643828"/><package name="finalprojectB"><class name="finalprojectB/DomainValidator$ArrayType"><method name="&lt;init&gt;" desc="(Ljava/lang/String;I)V" line="1866"><counter type="INSTRUCTION" missed="5" covered="0"/><counter type="LINE" missed="1" covered="0"/><counter type="COMPLEXITY" missed="1" covered="0"/><counter type="METHOD" missed="1" covered="0"/></method><method name="&lt;clinit&gt;" desc="()V" line="1866"><counter type="INSTRUCTION" missed="84" covered="0"/><counter type="LINE" missed="9" covered="0"/><counter type="COMPLEXITY" missed="1" covered="0"/><counter type="METHOD" missed="1" covered="0"/></method><counter type="INSTRUCTION" missed="89" covered="0"/><counter type="LINE" missed="9" covered="0"/><counter type="COMPLEXITY" missed="2" covered="0"/><counter type="METHOD" missed="2" covered="0"/><counter type="CLASS" missed="1" covered="0"/></class><class name="finalprojectB/InetAddressValidator"><method name="&lt;init&gt;" desc="()V" line="36"><counter type="INSTRUCTION" missed="9" covered="0"/><counter type="LINE" missed="2" covered="0"/><counter type="COMPLEXITY" missed="1" covered="0"/><counter type="METHOD" missed="1" covered="0"/></method><method name="getInstance" desc="()LfinalprojectB/InetAddressValidator;" line="68"><counter type="INSTRUCTION" missed="2" covered="0"/><counter type="LINE" missed="1" covered="0"/><counter type="COMPLEXITY" missed="1" covered="0"/><counter type="METHOD" missed="1" covered="0"/></method><method name="isValid" desc="(Ljava/lang/String;)Z" line="77"><counter type="INSTRUCTION" missed="12" covered="0"/><counter type="BRANCH" missed="4" covered="0"/><counter type="LINE" missed="1" covered="0"/><counter type="COMPLEXITY" missed="3" covered="0"/><counter type="METHOD" missed="1" covered="0"/></method><method name="isValidInet4Address" desc="(Ljava/lang/String;)Z" line="87"><counter type="INSTRUCTION" missed="58" covered="0"/><counter type="BRANCH" missed="14" covered="0"/><counter type="LINE" missed="16" covered="0"/><counter type="COMPLEXITY" missed="8" covered="0"/><counter type="METHOD" missed="1" covered="0"/></method><method name="isValidInet6Address" desc="(Ljava/lang/String;)Z" line="127"><counter type="INSTRUCTION" missed="159" covered="0"/><counter type="BRANCH" missed="46" covered="0"/><counter type="LINE" missed="43" covered="0"/><counter type="COMPLEXITY" missed="24" covered="0"/><counter type="METHOD" missed="1" covered="0"/></method><method name="&lt;clinit&gt;" desc="()V" line="58"><counter type="INSTRUCTION" missed="5" covered="0"/><counter type="LINE" missed="1" covered="0"/><counter type="COMPLEXITY" missed="1" covered="0"/><counter type="METHOD" missed="1" covered="0"/></method><counter type="INSTRUCTION" missed="245" covered="0"/><counter type="BRANCH" missed="64" covered="0"/><counter type="LINE" missed="64" covered="0"/><counter type="COMPLEXITY" missed="38" covered="0"/><counter type="METHOD" missed="6" covered="0"/><counter type="CLASS" missed="1" covered="0"/></class><class name="finalprojectB/RegexValidator"><method name="&lt;init&gt;" desc="(Ljava/lang/String;)V" line="83"><counter type="INSTRUCTION" missed="5" covered="0"/><counter type="LINE" missed="2" covered="0"/><counter type="COMPLEXITY" missed="1" covered="0"/><counter type="METHOD" missed="1" covered="0"/></method><method name="&lt;init&gt;" desc="(Ljava/lang/String;Z)V" line="96"><counter type="INSTRUCTION" missed="10" covered="0"/><counter type="LINE" missed="2" covered="0"/><counter type="COMPLEXITY" missed="1" covered="0"/><counter type="METHOD" missed="1" covered="0"/></method><method name="&lt;init&gt;" desc="([Ljava/lang/String;)V" line="107"><counter type="INSTRUCTION" missed="5" covered="0"/><counter type="LINE" missed="2" covered="0"/><counter type="COMPLEXITY" missed="1" covered="0"/><counter type="METHOD" missed="1" covered="0"/></method><method name="&lt;init&gt;" desc="([Ljava/lang/String;Z)V" line="119"><counter type="INSTRUCTION" missed="57" covered="9"/><counter type="BRANCH" missed="11" covered="1"/><counter type="LINE" missed="7" covered="3"/><counter type="COMPLEXITY" missed="6" covered="1"/><counter type="METHOD" missed="0" covered="1"/></method><method name="isValid" desc="(Ljava/lang/String;)Z" line="141"><counter type="INSTRUCTION" missed="25" covered="0"/><counter type="BRANCH" missed="6" covered="0"/><counter type="LINE" missed="6" covered="0"/><counter type="COMPLEXITY" missed="4" covered="0"/><counter type="METHOD" missed="1" covered="0"/></method><method name="match" desc="(Ljava/lang/String;)[Ljava/lang/String;" line="161"><counter type="INSTRUCTION" missed="48" covered="0"/><counter type="BRANCH" missed="8" covered="0"/><counter type="LINE" missed="11" covered="0"/><counter type="COMPLEXITY" missed="5" covered="0"/><counter type="METHOD" missed="1" covered="0"/></method><method name="validate" desc="(Ljava/lang/String;)Ljava/lang/String;" line="188"><counter type="INSTRUCTION" missed="61" covered="0"/><counter type="BRANCH" missed="12" covered="0"/><counter type="LINE" missed="15" covered="0"/><counter type="COMPLEXITY" missed="7" covered="0"/><counter type="METHOD" missed="1" covered="0"/></method><method name="toString" desc="()Ljava/lang/String;" line="217"><counter type="INSTRUCTION" missed="38" covered="0"/><counter type="BRANCH" missed="4" covered="0"/><counter type="LINE" missed="8" covered="0"/><counter type="COMPLEXITY" missed="3" covered="0"/><counter type="METHOD" missed="1" covered="0"/></method><counter type="INSTRUCTION" missed="249" covered="9"/><counter type="BRANCH" missed="41" covered="1"/><counter type="LINE" missed="53" covered="3"/><counter type="COMPLEXITY" missed="28" covered="1"/><counter type="METHOD" missed="7" covered="1"/><counter type="CLASS" missed="0" covered="1"/></class><class name="finalprojectB/DomainValidator$1"><method name="&lt;clinit&gt;" desc="()V" line="1927"><counter type="INSTRUCTION" missed="61" covered="0"/><counter type="LINE" missed="1" covered="0"/><counter type="COMPLEXITY" missed="1" covered="0"/><counter type="METHOD" missed="1" covered="0"/></method><counter type="INSTRUCTION" missed="61" covered="0"/><counter type="LINE" missed="1" covered="0"/><counter type="COMPLEXITY" missed="1" covered="0"/><counter type="METHOD" missed="1" covered="0"/><counter type="CLASS" missed="1" covered="0"/></class><class name="finalprojectB/ResultPair"><method name="&lt;init&gt;" desc="(Ljava/lang/String;Z)V" line="28"><counter type="INSTRUCTION" missed="0" covered="13"/><counter type="BRANCH" missed="0" covered="2"/><counter type="LINE" missed="0" covered="4"/><counter type="COMPLEXITY" missed="0" covered="2"/><counter type="METHOD" missed="0" covered="1"/></method><counter type="INSTRUCTION" missed="0" covered="13"/><counter type="BRANCH" missed="0" covered="2"/><counter type="LINE" missed="0" covered="4"/><counter type="COMPLEXITY" missed="0" covered="2"/><counter type="METHOD" missed="0" covered="1"/><counter type="CLASS" missed="0" covered="1"/></class><class name="finalprojectB/DomainValidator$IDNBUGHOLDER"><method name="keepsTrailingDot" desc="()Z" line="2033"><counter type="INSTRUCTION" missed="7" covered="0"/><counter type="LINE" missed="2" covered="0"/><counter type="COMPLEXITY" missed="1" covered="0"/><counter type="METHOD" missed="1" covered="0"/></method><method name="&lt;clinit&gt;" desc="()V" line="2036"><counter type="INSTRUCTION" missed="3" covered="0"/><counter type="LINE" missed="1" covered="0"/><counter type="COMPLEXITY" missed="1" covered="0"/><counter type="METHOD" missed="1" covered="0"/></method><counter type="INSTRUCTION" missed="10" covered="0"/><counter type="LINE" missed="3" covered="0"/><counter type="COMPLEXITY" missed="2" covered="0"/><counter type="METHOD" missed="2" covered="0"/><counter type="CLASS" missed="1" covered="0"/></class><class name="finalprojectB/DomainValidator"><method name="getInstance" desc="()LfinalprojectB/DomainValidator;" line="122"><counter type="INSTRUCTION" missed="4" covered="0"/><counter type="LINE" missed="2" covered="0"/><counter type="COMPLEXITY" missed="1" covered="0"/><counter type="METHOD" missed="1" covered="0"/></method><method name="getInstance" desc="(Z)LfinalprojectB/DomainValidator;" line="133"><counter type="INSTRUCTION" missed="8" covered="0"/><counter type="BRANCH" missed="2" covered="0"/><counter type="LINE" missed="4" covered="0"/><counter type="COMPLEXITY" missed="2" covered="0"/><counter type="METHOD" missed="1" covered="0"/></method><method name="&lt;init&gt;" desc="(Z)V" line="107"><counter type="INSTRUCTION" missed="16" covered="2"/><counter type="LINE" missed="4" covered="1"/><counter type="COMPLEXITY" missed="0" covered="1"/><counter type="METHOD" missed="0" covered="1"/></method><method name="isValid" desc="(Ljava/lang/String;)Z" line="153"><counter type="INSTRUCTION" missed="45" covered="0"/><counter type="BRANCH" missed="14" covered="0"/><counter type="LINE" missed="9" covered="0"/><counter type="COMPLEXITY" missed="8" covered="0"/><counter type="METHOD" missed="1" covered="0"/></method><method name="isValidDomainSyntax" desc="(Ljava/lang/String;)Z" line="174"><counter type="INSTRUCTION" missed="32" covered="0"/><counter type="BRANCH" missed="10" covered="0"/><counter type="LINE" missed="8" covered="0"/><counter type="COMPLEXITY" missed="6" covered="0"/><counter type="METHOD" missed="1" covered="0"/></method><method name="isValidTld" desc="(Ljava/lang/String;)Z" line="198"><counter type="INSTRUCTION" missed="28" covered="0"/><counter type="BRANCH" missed="10" covered="0"/><counter type="LINE" missed="6" covered="0"/><counter type="COMPLEXITY" missed="6" covered="0"/><counter type="METHOD" missed="1" covered="0"/></method><method name="isValidInfrastructureTld" desc="(Ljava/lang/String;)Z" line="215"><counter type="INSTRUCTION" missed="11" covered="0"/><counter type="LINE" missed="2" covered="0"/><counter type="COMPLEXITY" missed="1" covered="0"/><counter type="METHOD" missed="1" covered="0"/></method><method name="isValidGenericTld" desc="(Ljava/lang/String;)Z" line="227"><counter type="INSTRUCTION" missed="23" covered="0"/><counter type="BRANCH" missed="6" covered="0"/><counter type="LINE" missed="3" covered="0"/><counter type="COMPLEXITY" missed="4" covered="0"/><counter type="METHOD" missed="1" covered="0"/></method><method name="isValidCountryCodeTld" desc="(Ljava/lang/String;)Z" line="240"><counter type="INSTRUCTION" missed="23" covered="0"/><counter type="BRANCH" missed="6" covered="0"/><counter type="LINE" missed="3" covered="0"/><counter type="COMPLEXITY" missed="4" covered="0"/><counter type="METHOD" missed="1" covered="0"/></method><method name="isValidLocalTld" desc="(Ljava/lang/String;)Z" line="253"><counter type="INSTRUCTION" missed="11" covered="0"/><counter type="LINE" missed="2" covered="0"/><counter type="COMPLEXITY" missed="1" covered="0"/><counter type="METHOD" missed="1" covered="0"/></method><method name="chompLeadingDot" desc="(Ljava/lang/String;)Ljava/lang/String;" line="258"><counter type="INSTRUCTION" missed="10" covered="0"/><counter type="BRANCH" missed="2" covered="0"/><counter type="LINE" missed="3" covered="0"/><counter type="COMPLEXITY" missed="2" covered="0"/><counter type="METHOD" missed="1" covered="0"/></method><method name="clearTLDOverrides" desc="()V" line="1888"><counter type="INSTRUCTION" missed="11" covered="0"/><counter type="LINE" missed="6" covered="0"/><counter type="COMPLEXITY" missed="1" covered="0"/><counter type="METHOD" missed="1" covered="0"/></method><method name="updateTLDOverride" desc="(LfinalprojectB/DomainValidator$ArrayType;[Ljava/lang/String;)V" line="1918"><counter type="INSTRUCTION" missed="71" covered="0"/><counter type="BRANCH" missed="10" covered="0"/><counter type="LINE" missed="18" covered="0"/><counter type="COMPLEXITY" missed="8" covered="0"/><counter type="METHOD" missed="1" covered="0"/></method><method name="getTLDEntries" desc="(LfinalprojectB/DomainValidator$ArrayType;)[Ljava/lang/String;" line="1959"><counter type="INSTRUCTION" missed="47" covered="0"/><counter type="BRANCH" missed="9" covered="0"/><counter type="LINE" missed="19" covered="0"/><counter type="COMPLEXITY" missed="9" covered="0"/><counter type="METHOD" missed="1" covered="0"/></method><method name="unicodeToASCII" desc="(Ljava/lang/String;)Ljava/lang/String;" line="1999"><counter type="INSTRUCTION" missed="41" covered="0"/><counter type="BRANCH" missed="8" covered="0"/><counter type="LINE" missed="14" covered="0"/><counter type="COMPLEXITY" missed="5" covered="0"/><counter type="METHOD" missed="1" covered="0"/></method><method name="isOnlyASCII" desc="(Ljava/lang/String;)Z" line="2044"><counter type="INSTRUCTION" missed="21" covered="0"/><counter type="BRANCH" missed="6" covered="0"/><counter type="LINE" missed="6" covered="0"/><counter type="COMPLEXITY" missed="4" covered="0"/><counter type="METHOD" missed="1" covered="0"/></method><method name="arrayContains" desc="([Ljava/lang/String;Ljava/lang/String;)Z" line="2063"><counter type="INSTRUCTION" missed="8" covered="0"/><counter type="BRANCH" missed="2" covered="0"/><counter type="LINE" missed="1" covered="0"/><counter type="COMPLEXITY" missed="2" covered="0"/><counter type="METHOD" missed="1" covered="0"/></method><method name="&lt;clinit&gt;" desc="()V" line="67"><counter type="INSTRUCTION" missed="6153" covered="3"/><counter type="LINE" missed="11" covered="1"/><counter type="COMPLEXITY" missed="0" covered="1"/><counter type="METHOD" missed="0" covered="1"/></method><counter type="INSTRUCTION" missed="6563" covered="5"/><counter type="BRANCH" missed="85" covered="0"/><counter type="LINE" missed="121" covered="2"/><counter type="COMPLEXITY" missed="64" covered="2"/><counter type="METHOD" missed="16" covered="2"/><counter type="CLASS" missed="0" covered="1"/></class><class name="finalprojectB/UrlValidator"><method name="getInstance" desc="()LfinalprojectB/UrlValidator;" line="206"><counter type="INSTRUCTION" missed="2" covered="0"/><counter type="LINE" missed="1" covered="0"/><counter type="COMPLEXITY" missed="1" covered="0"/><counter type="METHOD" missed="1" covered="0"/></method><method name="&lt;init&gt;" desc="()V" line="213"><counter type="INSTRUCTION" missed="0" covered="4"/><counter type="LINE" missed="0" covered="2"/><counter type="COMPLEXITY" missed="0" covered="1"/><counter type="METHOD" missed="0" covered="1"/></method><method name="&lt;init&gt;" desc="([Ljava/lang/String;)V" line="225"><counter type="INSTRUCTION" missed="0" covered="5"/><counter type="LINE" missed="0" covered="2"/><counter type="COMPLEXITY" missed="0" covered="1"/><counter type="METHOD" missed="0" covered="1"/></method><method name="&lt;init&gt;" desc="(J)V" line="235"><counter type="INSTRUCTION" missed="0" covered="6"/><counter type="LINE" missed="0" covered="2"/><counter type="COMPLEXITY" missed="0" covered="1"/><counter type="METHOD" missed="0" covered="1"/></method><method name="&lt;init&gt;" desc="([Ljava/lang/String;J)V" line="246"><counter type="INSTRUCTION" missed="0" covered="6"/><counter type="LINE" missed="0" covered="2"/><counter type="COMPLEXITY" missed="0" covered="1"/><counter type="METHOD" missed="0" covered="1"/></method><method name="&lt;init&gt;" desc="(LfinalprojectB/RegexValidator;J)V" line="259"><counter type="INSTRUCTION" missed="6" covered="0"/><counter type="LINE" missed="2" covered="0"/><counter type="COMPLEXITY" missed="1" covered="0"/><counter type="METHOD" missed="1" covered="0"/></method><method name="&lt;init&gt;" desc="([Ljava/lang/String;LfinalprojectB/RegexValidator;J)V" line="271"><counter type="INSTRUCTION" missed="0" covered="45"/><counter type="BRANCH" missed="0" covered="6"/><counter type="LINE" missed="0" covered="11"/><counter type="COMPLEXITY" missed="0" covered="4"/><counter type="METHOD" missed="0" covered="1"/></method><method name="isValid" desc="(Ljava/lang/String;)Z" line="301"><counter type="INSTRUCTION" missed="10" covered="61"/><counter type="BRANCH" missed="6" covered="14"/><counter type="LINE" missed="4" covered="18"/><counter type="COMPLEXITY" missed="5" covered="6"/><counter type="METHOD" missed="0" covered="1"/></method><method name="isValidScheme" desc="(Ljava/lang/String;)Z" line="357"><counter type="INSTRUCTION" missed="0" covered="26"/><counter type="BRANCH" missed="1" covered="7"/><counter type="LINE" missed="0" covered="7"/><counter type="COMPLEXITY" missed="1" covered="4"/><counter type="METHOD" missed="0" covered="1"/></method><method name="isValidAuthority" desc="(Ljava/lang/String;)Z" line="384"><counter type="INSTRUCTION" missed="94" covered="5"/><counter type="BRANCH" missed="26" covered="2"/><counter type="LINE" missed="30" covered="2"/><counter type="COMPLEXITY" missed="14" covered="1"/><counter type="METHOD" missed="0" covered="1"/></method><method name="isValidPath" desc="(Ljava/lang/String;)Z" line="447"><counter type="INSTRUCTION" missed="7" covered="45"/><counter type="BRANCH" missed="4" covered="8"/><counter type="LINE" missed="4" covered="12"/><counter type="COMPLEXITY" missed="4" covered="3"/><counter type="METHOD" missed="0" covered="1"/></method><method name="isValidQuery" desc="(Ljava/lang/String;)Z" line="480"><counter type="INSTRUCTION" missed="0" covered="9"/><counter type="BRANCH" missed="0" covered="2"/><counter type="LINE" missed="0" covered="3"/><counter type="COMPLEXITY" missed="0" covered="2"/><counter type="METHOD" missed="0" covered="1"/></method><method name="isValidFragment" desc="(Ljava/lang/String;)Z" line="493"><counter type="INSTRUCTION" missed="0" covered="8"/><counter type="BRANCH" missed="0" covered="2"/><counter type="LINE" missed="0" covered="3"/><counter type="COMPLEXITY" missed="0" covered="2"/><counter type="METHOD" missed="0" covered="1"/></method><method name="countToken" desc="(Ljava/lang/String;Ljava/lang/String;)I" line="507"><counter type="INSTRUCTION" missed="3" covered="17"/><counter type="BRANCH" missed="1" covered="3"/><counter type="LINE" missed="2" covered="6"/><counter type="COMPLEXITY" missed="1" covered="2"/><counter type="METHOD" missed="0" covered="1"/></method><method name="isOn" desc="(J)Z" line="528"><counter type="INSTRUCTION" missed="0" covered="11"/><counter type="BRANCH" missed="0" covered="2"/><counter type="LINE" missed="0" covered="1"/><counter type="COMPLEXITY" missed="0" covered="2"/><counter type="METHOD" missed="0" covered="1"/></method><method name="isOff" desc="(J)Z" line="540"><counter type="INSTRUCTION" missed="0" covered="11"/><counter type="BRANCH" missed="0" covered="2"/><counter type="LINE" missed="0" covered="1"/><counter type="COMPLEXITY" missed="0" covered="2"/><counter type="METHOD" missed="0" covered="1"/></method><method name="matchURL" desc="(Ljava/lang/String;)Ljava/util/regex/Matcher;" line="545"><counter type="INSTRUCTION" missed="4" covered="0"/><counter type="LINE" missed="1" covered="0"/><counter type="COMPLEXITY" missed="1" covered="0"/><counter type="METHOD" missed="1" covered="0"/></method><method name="&lt;clinit&gt;" desc="()V" line="112"><counter type="INSTRUCTION" missed="0" covered="35"/><counter type="LINE" missed="0" covered="7"/><counter type="COMPLEXITY" missed="0" covered="1"/><counter type="METHOD" missed="0" covered="1"/></method><counter type="INSTRUCTION" missed="126" covered="294"/><counter type="BRANCH" missed="38" covered="48"/><counter type="LINE" missed="44" covered="79"/><counter type="COMPLEXITY" missed="28" covered="33"/><counter type="METHOD" missed="3" covered="15"/><counter type="CLASS" missed="0" covered="1"/></class><sourcefile name="UrlValidator.java"><line nr="112" mi="0" ci="3" mb="0" cb="0"/><line nr="134" mi="0" ci="3" mb="0" cb="0"/><line nr="154" mi="0" ci="3" mb="0" cb="0"/><line nr="168" mi="0" ci="3" mb="0" cb="0"/><line nr="171" mi="0" ci="3" mb="0" cb="0"/><line nr="192" mi="0" ci="15" mb="0" cb="0"/><line nr="199" mi="0" ci="5" mb="0" cb="0"/><line nr="206" mi="2" ci="0" mb="0" cb="0"/><line nr="213" mi="0" ci="3" mb="0" cb="0"/><line nr="214" mi="0" ci="1" mb="0" cb="0"/><line nr="225" mi="0" ci="4" mb="0" cb="0"/><line nr="226" mi="0" ci="1" mb="0" cb="0"/><line nr="235" mi="0" ci="5" mb="0" cb="0"/><line nr="236" mi="0" ci="1" mb="0" cb="0"/><line nr="246" mi="0" ci="5" mb="0" cb="0"/><line nr="247" mi="0" ci="1" mb="0" cb="0"/><line nr="259" mi="5" ci="0" mb="0" cb="0"/><line nr="260" mi="1" ci="0" mb="0" cb="0"/><line nr="271" mi="0" ci="2" mb="0" cb="0"/><line nr="272" mi="0" ci="3" mb="0" cb="0"/><line nr="274" mi="0" ci="4" mb="0" cb="2"/><line nr="275" mi="0" ci="4" mb="0" cb="0"/><line nr="277" mi="0" ci="2" mb="0" cb="2"/><line nr="278" mi="0" ci="2" mb="0" cb="0"/><line nr="280" mi="0" ci="7" mb="0" cb="0"/><line nr="281" mi="0" ci="8" mb="0" cb="2"/><line nr="282" mi="0" ci="9" mb="0" cb="0"/><line nr="287" mi="0" ci="3" mb="0" cb="0"/><line nr="288" mi="0" ci="1" mb="0" cb="0"/><line nr="301" mi="0" ci="2" mb="1" cb="1"/><line nr="302" mi="2" ci="0" mb="0" cb="0"/><line nr="306" mi="0" ci="4" mb="0" cb="0"/><line nr="307" mi="0" ci="3" mb="1" cb="1"/><line nr="308" mi="2" ci="0" mb="0" cb="0"/><line nr="311" mi="0" ci="4" mb="0" cb="0"/><line nr="312" mi="0" ci="4" mb="0" cb="2"/><line nr="313" mi="0" ci="2" mb="0" cb="0"/><line nr="316" mi="0" ci="4" mb="0" cb="0"/><line nr="318" mi="0" ci="4" mb="1" cb="1"/><line nr="319" mi="0" ci="2" mb="1" cb="1"/><line nr="320" mi="0" ci="4" mb="0" cb="2"/><line nr="321" mi="0" ci="2" mb="0" cb="0"/><line nr="327" mi="4" ci="0" mb="2" cb="0"/><line nr="328" mi="2" ci="0" mb="0" cb="0"/><line nr="332" mi="0" ci="6" mb="0" cb="2"/><line nr="333" mi="0" ci="2" mb="0" cb="0"/><line nr="336" mi="0" ci="6" mb="0" cb="2"/><line nr="337" mi="0" ci="2" mb="0" cb="0"/><line nr="340" mi="0" ci="6" mb="0" cb="2"/><line nr="341" mi="0" ci="2" mb="0" cb="0"/><line nr="344" mi="0" ci="2" mb="0" cb="0"/><line nr="357" mi="0" ci="2" mb="0" cb="2"/><line nr="358" mi="0" ci="2" mb="0" cb="0"/><line nr="362" mi="0" ci="5" mb="0" cb="2"/><line nr="363" mi="0" ci="2" mb="0" cb="0"/><line nr="366" mi="0" ci="11" mb="1" cb="3"/><line nr="367" mi="0" ci="2" mb="0" cb="0"/><line nr="370" mi="0" ci="2" mb="0" cb="0"/><line nr="384" mi="0" ci="2" mb="1" cb="1"/><line nr="385" mi="2" ci="0" mb="0" cb="0"/><line nr="389" mi="5" ci="3" mb="3" cb="1"/><line nr="390" mi="2" ci="0" mb="0" cb="0"/><line nr="393" mi="3" ci="0" mb="0" cb="0"/><line nr="395" mi="4" ci="0" mb="0" cb="0"/><line nr="396" mi="3" ci="0" mb="2" cb="0"/><line nr="397" mi="2" ci="0" mb="0" cb="0"/><line nr="401" mi="4" ci="0" mb="0" cb="0"/><line nr="402" mi="2" ci="0" mb="2" cb="0"/><line nr="403" mi="2" ci="0" mb="0" cb="0"/><line nr="404" mi="4" ci="0" mb="2" cb="0"/><line nr="405" mi="2" ci="0" mb="0" cb="0"/><line nr="407" mi="1" ci="0" mb="0" cb="0"/><line nr="408" mi="4" ci="0" mb="0" cb="0"/><line nr="411" mi="5" ci="0" mb="0" cb="0"/><line nr="412" mi="4" ci="0" mb="2" cb="0"/><line nr="414" mi="2" ci="0" mb="0" cb="0"/><line nr="415" mi="4" ci="0" mb="2" cb="0"/><line nr="417" mi="2" ci="0" mb="0" cb="0"/><line nr="420" mi="4" ci="0" mb="0" cb="0"/><line nr="421" mi="5" ci="0" mb="4" cb="0"/><line nr="423" mi="3" ci="0" mb="0" cb="0"/><line nr="424" mi="5" ci="0" mb="4" cb="0"/><line nr="425" mi="2" ci="0" mb="0" cb="0"/><line nr="427" mi="1" ci="0" mb="0" cb="0"/><line nr="428" mi="2" ci="0" mb="0" cb="0"/><line nr="429" mi="1" ci="0" mb="0" cb="0"/><line nr="433" mi="4" ci="0" mb="0" cb="0"/><line nr="434" mi="6" ci="0" mb="4" cb="0"/><line nr="435" mi="2" ci="0" mb="0" cb="0"/><line nr="438" mi="2" ci="0" mb="0" cb="0"/><line nr="447" mi="0" ci="2" mb="1" cb="1"/><line nr="448" mi="2" ci="0" mb="0" cb="0"/><line nr="451" mi="0" ci="5" mb="0" cb="2"/><line nr="452" mi="0" ci="2" mb="0" cb="0"/><line nr="456" mi="0" ci="8" mb="0" cb="0"/><line nr="457" mi="0" ci="4" mb="0" cb="0"/><line nr="458" mi="0" ci="6" mb="1" cb="1"/><line nr="459" mi="0" ci="2" mb="0" cb="2"/><line nr="460" mi="0" ci="2" mb="0" cb="0"/><line nr="462" mi="1" ci="0" mb="0" cb="0"/><line nr="463" mi="2" ci="0" mb="0" cb="0"/><line nr="464" mi="0" ci="1" mb="0" cb="0"/><line nr="466" mi="0" ci="5" mb="0" cb="0"/><line nr="467" mi="0" ci="6" mb="2" cb="2"/><line nr="468" mi="2" ci="0" mb="0" cb="0"/><line nr="471" mi="0" ci="2" mb="0" cb="0"/><line nr="480" mi="0" ci="2" mb="0" cb="2"/><line nr="481" mi="0" ci="2" mb="0" cb="0"/><line nr="484" mi="0" ci="5" mb="0" cb="0"/><line nr="493" mi="0" ci="2" mb="0" cb="2"/><line nr="494" mi="0" ci="2" mb="0" cb="0"/><line nr="497" mi="0" ci="4" mb="0" cb="0"/><line nr="507" mi="0" ci="2" mb="0" cb="0"/><line nr="508" mi="0" ci="2" mb="0" cb="0"/><line nr="509" mi="0" ci="3" mb="0" cb="2"/><line nr="510" mi="0" ci="5" mb="0" cb="0"/><line nr="511" mi="0" ci="3" mb="1" cb="1"/><line nr="512" mi="1" ci="0" mb="0" cb="0"/><line nr="513" mi="2" ci="0" mb="0" cb="0"/><line nr="516" mi="0" ci="2" mb="0" cb="0"/><line nr="528" mi="0" ci="11" mb="0" cb="2"/><line nr="540" mi="0" ci="11" mb="0" cb="2"/><line nr="545" mi="4" ci="0" mb="0" cb="0"/><counter type="INSTRUCTION" missed="126" covered="294"/><counter type="BRANCH" missed="38" covered="48"/><counter type="LINE" missed="44" covered="79"/><counter type="COMPLEXITY" missed="28" covered="33"/><counter type="METHOD" missed="3" covered="15"/><counter type="CLASS" missed="0" covered="1"/></sourcefile><sourcefile name="ResultPair.java"><line nr="28" mi="0" ci="2" mb="0" cb="0"/><line nr="29" mi="0" ci="3" mb="0" cb="0"/><line nr="30" mi="0" ci="7" mb="0" cb="2"/><line nr="31" mi="0" ci="1" mb="0" cb="0"/><counter type="INSTRUCTION" missed="0" covered="13"/><counter type="BRANCH" missed="0" covered="2"/><counter type="LINE" missed="0" covered="4"/><counter type="COMPLEXITY" missed="0" covered="2"/><counter type="METHOD" missed="0" covered="1"/><counter type="CLASS" missed="0" covered="1"/></sourcefile><sourcefile name="DomainValidator.java"><line nr="67" mi="0" ci="3" mb="0" cb="0"/><line nr="96" mi="5" ci="0" mb="0" cb="0"/><line nr="102" mi="5" ci="0" mb="0" cb="0"/><line nr="107" mi="6" ci="0" mb="0" cb="0"/><line nr="113" mi="6" ci="0" mb="0" cb="0"/><line nr="122" mi="2" ci="0" mb="0" cb="0"/><line nr="123" mi="2" ci="0" mb="0" cb="0"/><line nr="133" mi="2" ci="0" mb="0" cb="0"/><line nr="134" mi="2" ci="0" mb="2" cb="0"/><line nr="135" mi="2" ci="0" mb="0" cb="0"/><line nr="137" mi="2" ci="0" mb="0" cb="0"/><line nr="141" mi="0" ci="2" mb="0" cb="0"/><line nr="142" mi="3" ci="0" mb="0" cb="0"/><line nr="143" mi="1" ci="0" mb="0" cb="0"/><line nr="153" mi="2" ci="0" mb="2" cb="0"/><line nr="154" mi="2" ci="0" mb="0" cb="0"/><line nr="156" mi="3" ci="0" mb="0" cb="0"/><line nr="161" mi="4" ci="0" mb="2" cb="0"/><line nr="162" mi="2" ci="0" mb="0" cb="0"/><line nr="164" mi="5" ci="0" mb="0" cb="0"/><line nr="165" mi="5" ci="0" mb="4" cb="0"/><line nr="166" mi="10" ci="0" mb="2" cb="0"/><line nr="168" mi="12" ci="0" mb="4" cb="0"/><line nr="174" mi="2" ci="0" mb="2" cb="0"/><line nr="175" mi="2" ci="0" mb="0" cb="0"/><line nr="177" mi="3" ci="0" mb="0" cb="0"/><line nr="182" mi="4" ci="0" mb="2" cb="0"/><line nr="183" mi="2" ci="0" mb="0" cb="0"/><line nr="185" mi="5" ci="0" mb="0" cb="0"/><line nr="186" mi="9" ci="0" mb="4" cb="0"/><line nr="187" mi="5" ci="0" mb="2" cb="0"/><line nr="198" mi="3" ci="0" mb="0" cb="0"/><line nr="199" mi="7" ci="0" mb="4" cb="0"/><line nr="200" mi="2" ci="0" mb="0" cb="0"/><line nr="202" mi="7" ci="0" mb="2" cb="0"/><line nr="203" mi="4" ci="0" mb="2" cb="0"/><line nr="204" mi="5" ci="0" mb="2" cb="0"/><line nr="215" mi="7" ci="0" mb="0" cb="0"/><line nr="216" mi="4" ci="0" mb="0" cb="0"/><line nr="227" mi="7" ci="0" mb="0" cb="0"/><line nr="228" mi="11" ci="0" mb="4" cb="0"/><line nr="229" mi="5" ci="0" mb="2" cb="0"/><line nr="240" mi="7" ci="0" mb="0" cb="0"/><line nr="241" mi="11" ci="0" mb="4" cb="0"/><line nr="242" mi="5" ci="0" mb="2" cb="0"/><line nr="253" mi="7" ci="0" mb="0" cb="0"/><line nr="254" mi="4" ci="0" mb="0" cb="0"/><line nr="258" mi="4" ci="0" mb="2" cb="0"/><line nr="259" mi="4" ci="0" mb="0" cb="0"/><line nr="261" mi="2" ci="0" mb="0" cb="0"/><line nr="280" mi="7" ci="0" mb="0" cb="0"/><line nr="285" mi="4939" ci="0" mb="0" cb="0"/><line nr="1528" mi="1175" ci="0" mb="0" cb="0"/><line nr="1827" mi="11" ci="0" mb="0" cb="0"/><line nr="1841" mi="2" ci="0" mb="0" cb="0"/><line nr="1849" mi="2" ci="0" mb="0" cb="0"/><line nr="1852" mi="2" ci="0" mb="0" cb="0"/><line nr="1855" mi="2" ci="0" mb="0" cb="0"/><line nr="1858" mi="3" ci="0" mb="0" cb="0"/><line nr="1866" mi="41" ci="0" mb="0" cb="0"/><line nr="1868" mi="6" ci="0" mb="0" cb="0"/><line nr="1870" mi="6" ci="0" mb="0" cb="0"/><line nr="1872" mi="6" ci="0" mb="0" cb="0"/><line nr="1874" mi="6" ci="0" mb="0" cb="0"/><line nr="1876" mi="6" ci="0" mb="0" cb="0"/><line nr="1878" mi="6" ci="0" mb="0" cb="0"/><line nr="1880" mi="6" ci="0" mb="0" cb="0"/><line nr="1882" mi="6" ci="0" mb="0" cb="0"/><line nr="1888" mi="2" ci="0" mb="0" cb="0"/><line nr="1889" mi="2" ci="0" mb="0" cb="0"/><line nr="1890" mi="2" ci="0" mb="0" cb="0"/><line nr="1891" mi="2" ci="0" mb="0" cb="0"/><line nr="1892" mi="2" ci="0" mb="0" cb="0"/><line nr="1893" mi="1" ci="0" mb="0" cb="0"/><line nr="1918" mi="2" ci="0" mb="2" cb="0"/><line nr="1919" mi="5" ci="0" mb="0" cb="0"/><line nr="1921" mi="4" ci="0" mb="0" cb="0"/><line nr="1923" mi="8" ci="0" mb="2" cb="0"/><line nr="1924" mi="8" ci="0" mb="0" cb="0"/><line nr="1926" mi="2" ci="0" mb="0" cb="0"/><line nr="1927" mi="66" ci="0" mb="6" cb="0"/><line nr="1929" mi="2" ci="0" mb="0" cb="0"/><line nr="1930" mi="1" ci="0" mb="0" cb="0"/><line nr="1932" mi="2" ci="0" mb="0" cb="0"/><line nr="1933" mi="1" ci="0" mb="0" cb="0"/><line nr="1935" mi="2" ci="0" mb="0" cb="0"/><line nr="1936" mi="1" ci="0" mb="0" cb="0"/><line nr="1938" mi="2" ci="0" mb="0" cb="0"/><line nr="1939" mi="1" ci="0" mb="0" cb="0"/><line nr="1944" mi="12" ci="0" mb="0" cb="0"/><line nr="1946" mi="12" ci="0" mb="0" cb="0"/><line nr="1948" mi="1" ci="0" mb="0" cb="0"/><line nr="1959" mi="5" ci="0" mb="9" cb="0"/><line nr="1961" mi="2" ci="0" mb="0" cb="0"/><line nr="1962" mi="1" ci="0" mb="0" cb="0"/><line nr="1964" mi="2" ci="0" mb="0" cb="0"/><line nr="1965" mi="1" ci="0" mb="0" cb="0"/><line nr="1967" mi="2" ci="0" mb="0" cb="0"/><line nr="1968" mi="1" ci="0" mb="0" cb="0"/><line nr="1970" mi="2" ci="0" mb="0" cb="0"/><line nr="1971" mi="1" ci="0" mb="0" cb="0"/><line nr="1973" mi="2" ci="0" mb="0" cb="0"/><line nr="1974" mi="1" ci="0" mb="0" cb="0"/><line nr="1976" mi="2" ci="0" mb="0" cb="0"/><line nr="1977" mi="1" ci="0" mb="0" cb="0"/><line nr="1979" mi="2" ci="0" mb="0" cb="0"/><line nr="1980" mi="1" ci="0" mb="0" cb="0"/><line nr="1982" mi="2" ci="0" mb="0" cb="0"/><line nr="1983" mi="1" ci="0" mb="0" cb="0"/><line nr="1985" mi="12" ci="0" mb="0" cb="0"/><line nr="1987" mi="6" ci="0" mb="0" cb="0"/><line nr="1999" mi="3" ci="0" mb="2" cb="0"/><line nr="2000" mi="2" ci="0" mb="0" cb="0"/><line nr="2003" mi="3" ci="0" mb="0" cb="0"/><line nr="2004" mi="2" ci="0" mb="2" cb="0"/><line nr="2005" mi="2" ci="0" mb="0" cb="0"/><line nr="2007" mi="3" ci="0" mb="0" cb="0"/><line nr="2008" mi="2" ci="0" mb="2" cb="0"/><line nr="2009" mi="2" ci="0" mb="0" cb="0"/><line nr="2016" mi="6" ci="0" mb="0" cb="0"/><line nr="2017" mi="2" ci="0" mb="2" cb="0"/><line nr="2022" mi="9" ci="0" mb="0" cb="0"/><line nr="2024" mi="2" ci="0" mb="0" cb="0"/><line nr="2026" mi="1" ci="0" mb="0" cb="0"/><line nr="2027" mi="2" ci="0" mb="0" cb="0"/><line nr="2033" mi="2" ci="0" mb="0" cb="0"/><line nr="2034" mi="5" ci="0" mb="0" cb="0"/><line nr="2036" mi="3" ci="0" mb="0" cb="0"/><line nr="2044" mi="2" ci="0" mb="2" cb="0"/><line nr="2045" mi="2" ci="0" mb="0" cb="0"/><line nr="2047" mi="8" ci="0" mb="2" cb="0"/><line nr="2048" mi="5" ci="0" mb="2" cb="0"/><line nr="2049" mi="2" ci="0" mb="0" cb="0"/><line nr="2052" mi="2" ci="0" mb="0" cb="0"/><line nr="2063" mi="8" ci="0" mb="2" cb="0"/><counter type="INSTRUCTION" missed="6723" covered="5"/><counter type="BRANCH" missed="85" covered="0"/><counter type="LINE" missed="133" covered="2"/><counter type="COMPLEXITY" missed="69" covered="2"/><counter type="METHOD" missed="21" covered="2"/><counter type="CLASS" missed="3" covered="1"/></sourcefile><sourcefile name="InetAddressValidator.java"><line nr="36" mi="2" ci="0" mb="0" cb="0"/><line nr="58" mi="5" ci="0" mb="0" cb="0"/><line nr="61" mi="7" ci="0" mb="0" cb="0"/><line nr="68" mi="2" ci="0" mb="0" cb="0"/><line nr="77" mi="12" ci="0" mb="4" cb="0"/><line nr="87" mi="5" ci="0" mb="0" cb="0"/><line nr="88" mi="2" ci="0" mb="2" cb="0"/><line nr="89" mi="2" ci="0" mb="0" cb="0"/><line nr="93" mi="16" ci="0" mb="2" cb="0"/><line nr="94" mi="5" ci="0" mb="4" cb="0"/><line nr="95" mi="2" ci="0" mb="0" cb="0"/><line nr="98" mi="2" ci="0" mb="0" cb="0"/><line nr="101" mi="3" ci="0" mb="0" cb="0"/><line nr="102" mi="1" ci="0" mb="0" cb="0"/><line nr="103" mi="2" ci="0" mb="0" cb="0"/><line nr="104" mi="1" ci="0" mb="0" cb="0"/><line nr="106" mi="3" ci="0" mb="2" cb="0"/><line nr="107" mi="2" ci="0" mb="0" cb="0"/><line nr="110" mi="8" ci="0" mb="4" cb="0"/><line nr="111" mi="2" ci="0" mb="0" cb="0"/><line nr="116" mi="2" ci="0" mb="0" cb="0"/><line nr="127" mi="4" ci="0" mb="0" cb="0"/><line nr="128" mi="9" ci="0" mb="4" cb="0"/><line nr="129" mi="2" ci="0" mb="0" cb="0"/><line nr="131" mi="10" ci="0" mb="4" cb="0"/><line nr="132" mi="6" ci="0" mb="4" cb="0"/><line nr="133" mi="2" ci="0" mb="0" cb="0"/><line nr="135" mi="4" ci="0" mb="0" cb="0"/><line nr="136" mi="2" ci="0" mb="2" cb="0"/><line nr="137" mi="6" ci="0" mb="0" cb="0"/><line nr="138" mi="4" ci="0" mb="2" cb="0"/><line nr="140" mi="5" ci="0" mb="0" cb="0"/><line nr="141" mi="7" ci="0" mb="4" cb="0"/><line nr="142" mi="4" ci="0" mb="0" cb="0"/><line nr="144" mi="7" ci="0" mb="0" cb="0"/><line nr="146" mi="4" ci="0" mb="2" cb="0"/><line nr="147" mi="2" ci="0" mb="0" cb="0"/><line nr="149" mi="2" ci="0" mb="0" cb="0"/><line nr="150" mi="2" ci="0" mb="0" cb="0"/><line nr="151" mi="8" ci="0" mb="2" cb="0"/><line nr="152" mi="4" ci="0" mb="0" cb="0"/><line nr="153" mi="3" ci="0" mb="2" cb="0"/><line nr="154" mi="1" ci="0" mb="0" cb="0"/><line nr="155" mi="3" ci="0" mb="2" cb="0"/><line nr="156" mi="2" ci="0" mb="0" cb="0"/><line nr="159" mi="2" ci="0" mb="0" cb="0"/><line nr="161" mi="10" ci="0" mb="4" cb="0"/><line nr="162" mi="4" ci="0" mb="2" cb="0"/><line nr="163" mi="2" ci="0" mb="0" cb="0"/><line nr="165" mi="1" ci="0" mb="0" cb="0"/><line nr="166" mi="1" ci="0" mb="0" cb="0"/><line nr="168" mi="4" ci="0" mb="2" cb="0"/><line nr="169" mi="2" ci="0" mb="0" cb="0"/><line nr="171" mi="2" ci="0" mb="0" cb="0"/><line nr="173" mi="4" ci="0" mb="0" cb="0"/><line nr="174" mi="1" ci="0" mb="0" cb="0"/><line nr="175" mi="2" ci="0" mb="0" cb="0"/><line nr="176" mi="1" ci="0" mb="0" cb="0"/><line nr="177" mi="5" ci="0" mb="4" cb="0"/><line nr="178" mi="2" ci="0" mb="0" cb="0"/><line nr="181" mi="1" ci="0" mb="0" cb="0"/><line nr="183" mi="8" ci="0" mb="6" cb="0"/><line nr="184" mi="2" ci="0" mb="0" cb="0"/><line nr="186" mi="2" ci="0" mb="0" cb="0"/><counter type="INSTRUCTION" missed="245" covered="0"/><counter type="BRANCH" missed="64" covered="0"/><counter type="LINE" missed="64" covered="0"/><counter type="COMPLEXITY" missed="38" covered="0"/><counter type="METHOD" missed="6" covered="0"/><counter type="CLASS" missed="1" covered="0"/></sourcefile><sourcefile name="RegexValidator.java"><line nr="83" mi="4" ci="0" mb="0" cb="0"/><line nr="84" mi="1" ci="0" mb="0" cb="0"/><line nr="96" mi="9" ci="0" mb="0" cb="0"/><line nr="97" mi="1" ci="0" mb="0" cb="0"/><line nr="107" mi="4" ci="0" mb="0" cb="0"/><line nr="108" mi="1" ci="0" mb="0" cb="0"/><line nr="119" mi="0" ci="2" mb="0" cb="0"/><line nr="120" mi="3" ci="2" mb="3" cb="1"/><line nr="121" mi="0" ci="5" mb="0" cb="0"/><line nr="123" mi="5" ci="0" mb="0" cb="0"/><line nr="124" mi="6" ci="0" mb="2" cb="0"/><line nr="125" mi="10" ci="0" mb="2" cb="0"/><line nr="126" mi="9" ci="0" mb="4" cb="0"/><line nr="127" mi="14" ci="0" mb="0" cb="0"/><line nr="129" mi="9" ci="0" mb="0" cb="0"/><line nr="131" mi="1" ci="0" mb="0" cb="0"/><line nr="141" mi="2" ci="0" mb="2" cb="0"/><line nr="142" mi="2" ci="0" mb="0" cb="0"/><line nr="144" mi="9" ci="0" mb="2" cb="0"/><line nr="145" mi="8" ci="0" mb="2" cb="0"/><line nr="146" mi="2" ci="0" mb="0" cb="0"/><line nr="149" mi="2" ci="0" mb="0" cb="0"/><line nr="161" mi="2" ci="0" mb="2" cb="0"/><line nr="162" mi="2" ci="0" mb="0" cb="0"/><line nr="164" mi="9" ci="0" mb="2" cb="0"/><line nr="165" mi="7" ci="0" mb="0" cb="0"/><line nr="166" mi="3" ci="0" mb="2" cb="0"/><line nr="167" mi="3" ci="0" mb="0" cb="0"/><line nr="168" mi="3" ci="0" mb="0" cb="0"/><line nr="169" mi="7" ci="0" mb="2" cb="0"/><line nr="170" mi="8" ci="0" mb="0" cb="0"/><line nr="172" mi="2" ci="0" mb="0" cb="0"/><line nr="175" mi="2" ci="0" mb="0" cb="0"/><line nr="188" mi="2" ci="0" mb="2" cb="0"/><line nr="189" mi="2" ci="0" mb="0" cb="0"/><line nr="191" mi="9" ci="0" mb="2" cb="0"/><line nr="192" mi="7" ci="0" mb="0" cb="0"/><line nr="193" mi="3" ci="0" mb="2" cb="0"/><line nr="194" mi="3" ci="0" mb="0" cb="0"/><line nr="195" mi="3" ci="0" mb="2" cb="0"/><line nr="196" mi="4" ci="0" mb="0" cb="0"/><line nr="198" mi="4" ci="0" mb="0" cb="0"/><line nr="199" mi="7" ci="0" mb="2" cb="0"/><line nr="200" mi="6" ci="0" mb="0" cb="0"/><line nr="201" mi="2" ci="0" mb="2" cb="0"/><line nr="202" mi="4" ci="0" mb="0" cb="0"/><line nr="205" mi="3" ci="0" mb="0" cb="0"/><line nr="208" mi="2" ci="0" mb="0" cb="0"/><line nr="217" mi="4" ci="0" mb="0" cb="0"/><line nr="218" mi="4" ci="0" mb="0" cb="0"/><line nr="219" mi="9" ci="0" mb="2" cb="0"/><line nr="220" mi="2" ci="0" mb="2" cb="0"/><line nr="221" mi="4" ci="0" mb="0" cb="0"/><line nr="223" mi="8" ci="0" mb="0" cb="0"/><line nr="225" mi="4" ci="0" mb="0" cb="0"/><line nr="226" mi="3" ci="0" mb="0" cb="0"/><counter type="INSTRUCTION" missed="249" covered="9"/><counter type="BRANCH" missed="41" covered="1"/><counter type="LINE" missed="53" covered="3"/><counter type="COMPLEXITY" missed="28" covered="1"/><counter type="METHOD" missed="7" covered="1"/><counter type="CLASS" missed="0" covered="1"/></sourcefile><counter type="INSTRUCTION" missed="7343" covered="321"/><counter type="BRANCH" missed="228" covered="51"/><counter type="LINE" missed="294" covered="88"/><counter type="COMPLEXITY" missed="163" covered="38"/><counter type="METHOD" missed="37" covered="19"/><counter type="CLASS" missed="4" covered="4"/></package><counter type="INSTRUCTION" missed="7343" covered="321"/><counter type="BRANCH" missed="228" covered="51"/><counter type="LINE" missed="294" covered="88"/><counter type="COMPLEXITY" missed="163" covered="38"/><counter type="METHOD" missed="37" covered="19"/><counter type="CLASS" missed="4" covered="4"/></report>